  icode   ic inum1 inum2 inum3   subed  recmonps reccnstps  flow(m^3)   sed(t)      orgn(kg)    orgp(kg)    nitrate(kg) sol.p(kg)   sol.pst(mg) sor.pst(mg)
       1        1        1        0        0        0                         0.2948E+10  0.2025E+08  0.6083E+07  0.2181E+07  0.8639E+06  0.1003E+05  0.0000E+00  0.0000E+00
       1        2        2        0        0        0                         0.7136E+10  0.7486E+08  0.1778E+08  0.6363E+07  0.2723E+07  0.3029E+05  0.0000E+00  0.0000E+00
       1        3        3        0        0        0                         0.3225E+10  0.5600E+08  0.8328E+07  0.3009E+07  0.1137E+07  0.9976E+04  0.0000E+00  0.0000E+00
       1        4        4        0        0        0                         0.2162E+10  0.2862E+08  0.4796E+07  0.1766E+07  0.7442E+06  0.6876E+04  0.0000E+00  0.0000E+00
       1        5        5        0        0        0                         0.3364E+10  0.4465E+08  0.8705E+07  0.3199E+07  0.1153E+07  0.1313E+05  0.0000E+00  0.0000E+00
       1        6        6        0        0        0                         0.4557E+10  0.4681E+08  0.1007E+08  0.3655E+07  0.1306E+07  0.1648E+05  0.0000E+00  0.0000E+00
       1        7        7        0        0        0                         0.2464E+10  0.1786E+08  0.5853E+07  0.2134E+07  0.9630E+06  0.9420E+04  0.0000E+00  0.0000E+00
       1        8        8        0        0        0                         0.7925E+10  0.9499E+08  0.2058E+08  0.7589E+07  0.3482E+07  0.3045E+05  0.0000E+00  0.0000E+00
       1        9        9        0        0        0                         0.3488E+10  0.4005E+08  0.9095E+07  0.3310E+07  0.1458E+07  0.1460E+05  0.0000E+00  0.0000E+00
       1       10       10        0        0        0                         0.3649E+10  0.3858E+08  0.9191E+07  0.3345E+07  0.1812E+07  0.1602E+05  0.0000E+00  0.0000E+00
       1       11       11        0        0        0                         0.2338E+10  0.2384E+08  0.5341E+07  0.1935E+07  0.8781E+06  0.8811E+04  0.0000E+00  0.0000E+00
       1       12       12        0        0        0                         0.8622E+08  0.4220E+06  0.1368E+06  0.4897E+05  0.1026E+06  0.7206E+03  0.0000E+00  0.0000E+00
       1       13       13        0        0        0                         0.6488E+10  0.7732E+08  0.1682E+08  0.6180E+07  0.2776E+07  0.2641E+05  0.0000E+00  0.0000E+00
       1       14       14        0        0        0                         0.6897E+10  0.6086E+08  0.1632E+08  0.5818E+07  0.3199E+07  0.2952E+05  0.0000E+00  0.0000E+00
       1       15       15        0        0        0                         0.1566E+09  0.8782E+06  0.1554E+06  0.5459E+05  0.2192E+06  0.1219E+04  0.0000E+00  0.0000E+00
       2       16        1        1        1        0                         0.2947E+10  0.1983E+08  0.6057E+07  0.2165E+07  0.8633E+06  0.1716E+05  0.0000E+00  0.0000E+00
       2       17        2        2        2        0                         0.7121E+10  0.6676E+08  0.1723E+08  0.6028E+07  0.2710E+07  0.9493E+05  0.0000E+00  0.0000E+00
       2       18        3        3        3        0                         0.3219E+10  0.5191E+08  0.8178E+07  0.2915E+07  0.1134E+07  0.2724E+05  0.0000E+00  0.0000E+00
       2       19        4        4        4        0                         0.2161E+10  0.2803E+08  0.4775E+07  0.1753E+07  0.7437E+06  0.1183E+05  0.0000E+00  0.0000E+00
       2       20        5        5        5        0                         0.3357E+10  0.4061E+08  0.8494E+07  0.3065E+07  0.1150E+07  0.3823E+05  0.0000E+00  0.0000E+00
       2       21        7        7        7        0                         0.2461E+10  0.1679E+08  0.5775E+07  0.2084E+07  0.9616E+06  0.2200E+05  0.0000E+00  0.0000E+00
       2       22        9        9        9        0                         0.3481E+10  0.3730E+08  0.8934E+07  0.3209E+07  0.1453E+07  0.3661E+05  0.0000E+00  0.0000E+00
       2       23       11       11       11        0                         0.2336E+10  0.2314E+08  0.5308E+07  0.1914E+07  0.8770E+06  0.1610E+05  0.0000E+00  0.0000E+00
       5       24        8       18        0        0                         0.1114E+11  0.1469E+09  0.2875E+08  0.1050E+08  0.4616E+07  0.5769E+05  0.0000E+00  0.0000E+00
       5       25       24       19        0        0                         0.1330E+11  0.1749E+09  0.3353E+08  0.1226E+08  0.5360E+07  0.6952E+05  0.0000E+00  0.0000E+00
       2       26        8       25        8        0                         0.1327E+11  0.1936E+07  0.3154E+08  0.1104E+08  0.5338E+07  0.3280E+06  0.0000E+00  0.0000E+00
       5       27        6       16        0        0                         0.7504E+10  0.6664E+08  0.1613E+08  0.5820E+07  0.2169E+07  0.3364E+05  0.0000E+00  0.0000E+00
       5       28       27       17        0        0                         0.1462E+11  0.1334E+09  0.3336E+08  0.1185E+08  0.4879E+07  0.1286E+06  0.0000E+00  0.0000E+00
       2       29        6       28        6        0                         0.1460E+11  0.2193E+07  0.3211E+08  0.1111E+08  0.4861E+07  0.3756E+06  0.0000E+00  0.0000E+00
       5       30       10       20        0        0                         0.7006E+10  0.7919E+08  0.1768E+08  0.6410E+07  0.2962E+07  0.5424E+05  0.0000E+00  0.0000E+00
       5       31       30       29        0        0                         0.2161E+11  0.8139E+08  0.4980E+08  0.1752E+08  0.7823E+07  0.4299E+06  0.0000E+00  0.0000E+00
       2       32       10       31       10        0                         0.2158E+11  0.5118E+07  0.4873E+08  0.1691E+08  0.7809E+07  0.8266E+06  0.0000E+00  0.0000E+00
       5       33       13       21        0        0                         0.8949E+10  0.9411E+08  0.2260E+08  0.8264E+07  0.3737E+07  0.4842E+05  0.0000E+00  0.0000E+00
       5       34       33       26        0        0                         0.2222E+11  0.9604E+08  0.5414E+08  0.1930E+08  0.9075E+07  0.3764E+06  0.0000E+00  0.0000E+00
       2       35       13       34       13        0                         0.2216E+11  0.3458E+07  0.5027E+08  0.1710E+08  0.9044E+07  0.1315E+07  0.0000E+00  0.0000E+00
       5       36       12       22        0        0                         0.3568E+10  0.3772E+08  0.9071E+07  0.3258E+07  0.1556E+07  0.3733E+05  0.0000E+00  0.0000E+00
       5       37       36       32        0        0                         0.2515E+11  0.4284E+08  0.5780E+08  0.2017E+08  0.9365E+07  0.8639E+06  0.0000E+00  0.0000E+00
       2       38       12       37       12        0                         0.2514E+11  0.4411E+07  0.5750E+08  0.2000E+08  0.9362E+07  0.1012E+07  0.0000E+00  0.0000E+00
       5       39       14       23        0        0                         0.9234E+10  0.8400E+08  0.2163E+08  0.7732E+07  0.4076E+07  0.4563E+05  0.0000E+00  0.0000E+00
       5       40       39       38        0        0                         0.3438E+11  0.8841E+08  0.7913E+08  0.2773E+08  0.1344E+08  0.1058E+07  0.0000E+00  0.0000E+00
       2       41       14       40       14        0                         0.3431E+11  0.2749E+07  0.7175E+08  0.2356E+08  0.1337E+08  0.3962E+07  0.0000E+00  0.0000E+00
       5       42       15       35        0        0                         0.2231E+11  0.4337E+07  0.5042E+08  0.1715E+08  0.9264E+07  0.1316E+07  0.0000E+00  0.0000E+00
       5       43       42       41        0        0                         0.5663E+11  0.7085E+07  0.1222E+09  0.4072E+08  0.2263E+08  0.5277E+07  0.0000E+00  0.0000E+00
       2       44       15       43       15        0                         0.5662E+11  0.7017E+07  0.1219E+09  0.4059E+08  0.2263E+08  0.5385E+07  0.0000E+00  0.0000E+00
      14       44        1        0        0        0                         0.5662E+11  0.7017E+07  0.1219E+09  0.4059E+08  0.2263E+08  0.5385E+07  0.0000E+00  0.0000E+00
